<?xml version='1.0' encoding='UTF-8'?>
<testsuite hostname="ELSLAPM-156179" name="quantexa.services.Question2Test" tests="3" errors="0" failures="0" skipped="0" time="0.031" timestamp="2022-07-06T09:26:28">
          <properties>
[...]
</properties>
          <testcase classname="quantexa.services.Question2Test" name="exerciseSolver should return the average transaction grouped by userID and Category" time="0.028">
                      
                    </testcase><testcase classname="quantexa.services.Question2Test" name="getTransactionsByUserAndCategory should group transaction by userId and Category" time="0.002">
                      
                    </testcase><testcase classname="quantexa.services.Question2Test" name="calculateAverage should calculate average" time="0.001">
                      
                    </testcase>
          <system-out><![CDATA[]]></system-out>
          <system-err><![CDATA[]]></system-err>
        </testsuite>